Mensaje I / 00:00:00:000 / Root(00) para top(01)
Mensaje I / 00:00:00:000 / top(01) para pinreader(02)
Mensaje I / 00:00:00:000 / top(01) para pinreader(03)
Mensaje D / 00:00:00:000 / pinreader(02) / ... para top(01)
Mensaje D / 00:00:00:000 / pinreader(03) / ... para top(01)
Mensaje D / 00:00:00:000 / top(01) / ... para Root(00)
Mensaje X / 00:00:17:000 / Root(00) / in /      5.00000 para top(01)
Mensaje X / 00:00:17:000 / top(01) / in /      5.00000 para pinreader(02)
Mensaje D / 00:00:17:000 / pinreader(02) / 00:00:01:987 para top(01)
Mensaje D / 00:00:17:000 / top(01) / 00:00:01:987 para Root(00)
Mensaje * / 00:00:18:987 / Root(00) para top(01)
Mensaje * / 00:00:18:987 / top(01) para pinreader(02)
Mensaje Y / 00:00:18:987 / pinreader(02) / out /      5.00000 para top(01)
Mensaje D / 00:00:18:987 / pinreader(02) / ... para top(01)
Mensaje Y / 00:00:18:987 / top(01) / out /      5.00000 para Root(00)
Mensaje D / 00:00:18:987 / top(01) / ... para Root(00)
Mensaje X / 00:00:30:000 / Root(00) / in /      3.00000 para top(01)
Mensaje X / 00:00:30:000 / top(01) / in /      3.00000 para pinreader(02)
Mensaje D / 00:00:30:000 / pinreader(02) / 00:00:00:796 para top(01)
Mensaje D / 00:00:30:000 / top(01) / 00:00:00:796 para Root(00)
Mensaje * / 00:00:30:796 / Root(00) para top(01)
Mensaje * / 00:00:30:796 / top(01) para pinreader(02)
Mensaje Y / 00:00:30:796 / pinreader(02) / out /      3.00000 para top(01)
Mensaje D / 00:00:30:796 / pinreader(02) / ... para top(01)
Mensaje Y / 00:00:30:796 / top(01) / out /      3.00000 para Root(00)
Mensaje D / 00:00:30:796 / top(01) / ... para Root(00)
Mensaje X / 00:00:50:000 / Root(00) / in /     -7.00000 para top(01)
Mensaje X / 00:00:50:000 / top(01) / in /     -7.00000 para pinreader(02)
Mensaje D / 00:00:50:000 / pinreader(02) / 00:00:00:957 para top(01)
Mensaje D / 00:00:50:000 / top(01) / 00:00:00:957 para Root(00)
Mensaje * / 00:00:50:957 / Root(00) para top(01)
Mensaje * / 00:00:50:957 / top(01) para pinreader(02)
Mensaje Y / 00:00:50:957 / pinreader(02) / out /     -7.00000 para top(01)
Mensaje D / 00:00:50:957 / pinreader(02) / ... para top(01)
Mensaje Y / 00:00:50:957 / top(01) / out /     -7.00000 para Root(00)
Mensaje D / 00:00:50:957 / top(01) / ... para Root(00)
Mensaje X / 00:01:03:000 / Root(00) / in /     23.00000 para top(01)
Mensaje X / 00:01:03:000 / top(01) / in /     23.00000 para pinreader(02)
Mensaje D / 00:01:03:000 / pinreader(02) / 00:00:02:035 para top(01)
Mensaje D / 00:01:03:000 / top(01) / 00:00:02:035 para Root(00)
Mensaje * / 00:01:05:035 / Root(00) para top(01)
Mensaje * / 00:01:05:035 / top(01) para pinreader(02)
Mensaje Y / 00:01:05:035 / pinreader(02) / out /     23.00000 para top(01)
Mensaje D / 00:01:05:035 / pinreader(02) / ... para top(01)
Mensaje Y / 00:01:05:035 / top(01) / out /     23.00000 para Root(00)
Mensaje D / 00:01:05:035 / top(01) / ... para Root(00)
