Mensaje I / 00:00:00:000 / Root(00) para top(01)
Mensaje I / 00:00:00:000 / top(01) para pinreader(02)
Mensaje I / 00:00:00:000 / top(01) para queue(03)
Mensaje I / 00:00:00:000 / top(01) para cpu(04)
Mensaje D / 00:00:00:000 / pinreader(02) / ... para top(01)
Mensaje D / 00:00:00:000 / queue(03) / ... para top(01)
Mensaje D / 00:00:00:000 / cpu(04) / ... para top(01)
Mensaje D / 00:00:00:000 / top(01) / ... para Root(00)
Mensaje X / 00:00:17:000 / Root(00) / in /      5.00000 para top(01)
Mensaje X / 00:00:17:000 / top(01) / in /      5.00000 para pinreader(02)
Mensaje D / 00:00:17:000 / pinreader(02) / 00:00:01:987 para top(01)
Mensaje D / 00:00:17:000 / top(01) / 00:00:01:987 para Root(00)
Mensaje * / 00:00:18:987 / Root(00) para top(01)
Mensaje * / 00:00:18:987 / top(01) para pinreader(02)
Mensaje Y / 00:00:18:987 / pinreader(02) / out /      5.00000 para top(01)
Mensaje D / 00:00:18:987 / pinreader(02) / ... para top(01)
Mensaje X / 00:00:18:987 / top(01) / in /      5.00000 para queue(03)
Mensaje D / 00:00:18:987 / queue(03) / 00:00:10:000 para top(01)
Mensaje D / 00:00:18:987 / top(01) / 00:00:10:000 para Root(00)
Mensaje * / 00:00:28:987 / Root(00) para top(01)
Mensaje * / 00:00:28:987 / top(01) para queue(03)
Mensaje Y / 00:00:28:987 / queue(03) / out /      5.00000 para top(01)
Mensaje D / 00:00:28:987 / queue(03) / ... para top(01)
Mensaje X / 00:00:28:987 / top(01) / in /      5.00000 para cpu(04)
Mensaje D / 00:00:28:987 / cpu(04) / 00:00:05:962 para top(01)
Mensaje D / 00:00:28:987 / top(01) / 00:00:05:962 para Root(00)
Mensaje X / 00:00:30:000 / Root(00) / in /      3.00000 para top(01)
Mensaje X / 00:00:30:000 / top(01) / in /      3.00000 para pinreader(02)
Mensaje D / 00:00:30:000 / pinreader(02) / 00:00:01:816 para top(01)
Mensaje D / 00:00:30:000 / top(01) / 00:00:01:816 para Root(00)
Mensaje * / 00:00:31:816 / Root(00) para top(01)
Mensaje * / 00:00:31:816 / top(01) para pinreader(02)
Mensaje Y / 00:00:31:816 / pinreader(02) / out /      3.00000 para top(01)
Mensaje D / 00:00:31:816 / pinreader(02) / ... para top(01)
Mensaje X / 00:00:31:816 / top(01) / in /      3.00000 para queue(03)
Mensaje D / 00:00:31:816 / queue(03) / ... para top(01)
Mensaje D / 00:00:31:816 / top(01) / 00:00:03:133 para Root(00)
Mensaje * / 00:00:34:949 / Root(00) para top(01)
Mensaje * / 00:00:34:949 / top(01) para cpu(04)
Mensaje Y / 00:00:34:949 / cpu(04) / out /      0.00000 para top(01)
Mensaje D / 00:00:34:949 / cpu(04) / ... para top(01)
Mensaje Y / 00:00:34:949 / top(01) / out /      0.00000 para Root(00)
Mensaje X / 00:00:34:949 / top(01) / done /      0.00000 para queue(03)
Mensaje D / 00:00:34:949 / queue(03) / 00:00:10:000 para top(01)
Mensaje D / 00:00:34:949 / top(01) / 00:00:10:000 para Root(00)
Mensaje * / 00:00:44:949 / Root(00) para top(01)
Mensaje * / 00:00:44:949 / top(01) para queue(03)
Mensaje Y / 00:00:44:949 / queue(03) / out /      3.00000 para top(01)
Mensaje D / 00:00:44:949 / queue(03) / ... para top(01)
Mensaje X / 00:00:44:949 / top(01) / in /      3.00000 para cpu(04)
Mensaje D / 00:00:44:949 / cpu(04) / 00:00:00:275 para top(01)
Mensaje D / 00:00:44:949 / top(01) / 00:00:00:275 para Root(00)
Mensaje * / 00:00:45:224 / Root(00) para top(01)
Mensaje * / 00:00:45:224 / top(01) para cpu(04)
Mensaje Y / 00:00:45:224 / cpu(04) / out /      0.00000 para top(01)
Mensaje D / 00:00:45:224 / cpu(04) / ... para top(01)
Mensaje Y / 00:00:45:224 / top(01) / out /      0.00000 para Root(00)
Mensaje X / 00:00:45:224 / top(01) / done /      0.00000 para queue(03)
Mensaje D / 00:00:45:224 / queue(03) / ... para top(01)
Mensaje D / 00:00:45:224 / top(01) / ... para Root(00)
Mensaje X / 00:00:50:000 / Root(00) / in /     -7.00000 para top(01)
Mensaje X / 00:00:50:000 / top(01) / in /     -7.00000 para pinreader(02)
Mensaje D / 00:00:50:000 / pinreader(02) / 00:00:02:035 para top(01)
Mensaje D / 00:00:50:000 / top(01) / 00:00:02:035 para Root(00)
Mensaje * / 00:00:52:035 / Root(00) para top(01)
Mensaje * / 00:00:52:035 / top(01) para pinreader(02)
Mensaje Y / 00:00:52:035 / pinreader(02) / out /     -7.00000 para top(01)
Mensaje D / 00:00:52:035 / pinreader(02) / ... para top(01)
Mensaje X / 00:00:52:035 / top(01) / in /     -7.00000 para queue(03)
Mensaje D / 00:00:52:035 / queue(03) / 00:00:10:000 para top(01)
Mensaje D / 00:00:52:035 / top(01) / 00:00:10:000 para Root(00)
Mensaje * / 00:01:02:035 / Root(00) para top(01)
Mensaje * / 00:01:02:035 / top(01) para queue(03)
Mensaje Y / 00:01:02:035 / queue(03) / out /     -7.00000 para top(01)
Mensaje D / 00:01:02:035 / queue(03) / ... para top(01)
Mensaje X / 00:01:02:035 / top(01) / in /     -7.00000 para cpu(04)
Mensaje D / 00:01:02:035 / cpu(04) / 00:00:06:177 para top(01)
Mensaje D / 00:01:02:035 / top(01) / 00:00:06:177 para Root(00)
Mensaje X / 00:01:03:000 / Root(00) / in /     23.00000 para top(01)
Mensaje X / 00:01:03:000 / top(01) / in /     23.00000 para pinreader(02)
Mensaje D / 00:01:03:000 / pinreader(02) / 00:00:02:160 para top(01)
Mensaje D / 00:01:03:000 / top(01) / 00:00:02:160 para Root(00)
Mensaje * / 00:01:05:160 / Root(00) para top(01)
Mensaje * / 00:01:05:160 / top(01) para pinreader(02)
Mensaje Y / 00:01:05:160 / pinreader(02) / out /     23.00000 para top(01)
Mensaje D / 00:01:05:160 / pinreader(02) / ... para top(01)
Mensaje X / 00:01:05:160 / top(01) / in /     23.00000 para queue(03)
Mensaje D / 00:01:05:160 / queue(03) / ... para top(01)
Mensaje D / 00:01:05:160 / top(01) / 00:00:03:052 para Root(00)
Mensaje * / 00:01:08:212 / Root(00) para top(01)
Mensaje * / 00:01:08:212 / top(01) para cpu(04)
Mensaje Y / 00:01:08:212 / cpu(04) / out /      0.00000 para top(01)
Mensaje D / 00:01:08:212 / cpu(04) / ... para top(01)
Mensaje Y / 00:01:08:212 / top(01) / out /      0.00000 para Root(00)
Mensaje X / 00:01:08:212 / top(01) / done /      0.00000 para queue(03)
Mensaje D / 00:01:08:212 / queue(03) / 00:00:10:000 para top(01)
Mensaje D / 00:01:08:212 / top(01) / 00:00:10:000 para Root(00)
Mensaje * / 00:01:18:212 / Root(00) para top(01)
Mensaje * / 00:01:18:212 / top(01) para queue(03)
Mensaje Y / 00:01:18:212 / queue(03) / out /     23.00000 para top(01)
Mensaje D / 00:01:18:212 / queue(03) / ... para top(01)
Mensaje X / 00:01:18:212 / top(01) / in /     23.00000 para cpu(04)
Mensaje D / 00:01:18:212 / cpu(04) / 00:00:09:665 para top(01)
Mensaje D / 00:01:18:212 / top(01) / 00:00:09:665 para Root(00)
Mensaje * / 00:01:27:877 / Root(00) para top(01)
Mensaje * / 00:01:27:877 / top(01) para cpu(04)
Mensaje Y / 00:01:27:877 / cpu(04) / out /      1.00000 para top(01)
Mensaje D / 00:01:27:877 / cpu(04) / ... para top(01)
Mensaje Y / 00:01:27:877 / top(01) / out /      1.00000 para Root(00)
Mensaje X / 00:01:27:877 / top(01) / done /      1.00000 para queue(03)
Mensaje D / 00:01:27:877 / queue(03) / ... para top(01)
Mensaje D / 00:01:27:877 / top(01) / ... para Root(00)
