Mensaje I / 00:00:00:000 / Root(00) para top(01)
Mensaje I / 00:00:00:000 / top(01) para cpu(02)
Mensaje I / 00:00:00:000 / top(01) para doorlatch(03)
Mensaje D / 00:00:00:000 / cpu(02) / ... para top(01)
Mensaje D / 00:00:00:000 / doorlatch(03) / ... para top(01)
Mensaje D / 00:00:00:000 / top(01) / ... para Root(00)
Mensaje X / 00:00:17:000 / Root(00) / in /      0.00000 para top(01)
Mensaje X / 00:00:17:000 / top(01) / in /      0.00000 para cpu(02)
Mensaje D / 00:00:17:000 / cpu(02) / 00:00:00:410 para top(01)
Mensaje D / 00:00:17:000 / top(01) / 00:00:00:410 para Root(00)
Mensaje * / 00:00:17:410 / Root(00) para top(01)
Mensaje * / 00:00:17:410 / top(01) para cpu(02)
Mensaje Y / 00:00:17:410 / cpu(02) / out /      0.00000 para top(01)
Mensaje D / 00:00:17:410 / cpu(02) / ... para top(01)
Mensaje X / 00:00:17:410 / top(01) / in /      0.00000 para doorlatch(03)
Mensaje D / 00:00:17:410 / doorlatch(03) / 00:00:00:796 para top(01)
Mensaje D / 00:00:17:410 / top(01) / 00:00:00:796 para Root(00)
Mensaje * / 00:00:18:206 / Root(00) para top(01)
Mensaje * / 00:00:18:206 / top(01) para doorlatch(03)
Mensaje Y / 00:00:18:206 / doorlatch(03) / out /      0.00000 para top(01)
Mensaje D / 00:00:18:206 / doorlatch(03) / ... para top(01)
Mensaje Y / 00:00:18:206 / top(01) / out /      0.00000 para Root(00)
Mensaje D / 00:00:18:206 / top(01) / ... para Root(00)
Mensaje X / 00:00:30:000 / Root(00) / in /      1.00000 para top(01)
Mensaje X / 00:00:30:000 / top(01) / in /      1.00000 para cpu(02)
Mensaje D / 00:00:30:000 / cpu(02) / 00:00:04:079 para top(01)
Mensaje D / 00:00:30:000 / top(01) / 00:00:04:079 para Root(00)
Mensaje * / 00:00:34:079 / Root(00) para top(01)
Mensaje * / 00:00:34:079 / top(01) para cpu(02)
Mensaje Y / 00:00:34:079 / cpu(02) / out /      1.00000 para top(01)
Mensaje D / 00:00:34:079 / cpu(02) / ... para top(01)
Mensaje X / 00:00:34:079 / top(01) / in /      1.00000 para doorlatch(03)
Mensaje D / 00:00:34:079 / doorlatch(03) / 00:00:00:174 para top(01)
Mensaje D / 00:00:34:079 / top(01) / 00:00:00:174 para Root(00)
Mensaje * / 00:00:34:253 / Root(00) para top(01)
Mensaje * / 00:00:34:253 / top(01) para doorlatch(03)
Mensaje Y / 00:00:34:253 / doorlatch(03) / out /      1.00000 para top(01)
Mensaje D / 00:00:34:253 / doorlatch(03) / ... para top(01)
Mensaje Y / 00:00:34:253 / top(01) / out /      1.00000 para Root(00)
Mensaje D / 00:00:34:253 / top(01) / ... para Root(00)
Mensaje X / 00:00:50:000 / Root(00) / in /      0.00000 para top(01)
Mensaje X / 00:00:50:000 / top(01) / in /      0.00000 para cpu(02)
Mensaje D / 00:00:50:000 / cpu(02) / 00:00:07:315 para top(01)
Mensaje D / 00:00:50:000 / top(01) / 00:00:07:315 para Root(00)
Mensaje * / 00:00:57:315 / Root(00) para top(01)
Mensaje * / 00:00:57:315 / top(01) para cpu(02)
Mensaje Y / 00:00:57:315 / cpu(02) / out /      0.00000 para top(01)
Mensaje D / 00:00:57:315 / cpu(02) / ... para top(01)
Mensaje X / 00:00:57:315 / top(01) / in /      0.00000 para doorlatch(03)
Mensaje D / 00:00:57:315 / doorlatch(03) / 00:00:02:446 para top(01)
Mensaje D / 00:00:57:315 / top(01) / 00:00:02:446 para Root(00)
Mensaje * / 00:00:59:761 / Root(00) para top(01)
Mensaje * / 00:00:59:761 / top(01) para doorlatch(03)
Mensaje Y / 00:00:59:761 / doorlatch(03) / out /      0.00000 para top(01)
Mensaje D / 00:00:59:761 / doorlatch(03) / ... para top(01)
Mensaje Y / 00:00:59:761 / top(01) / out /      0.00000 para Root(00)
Mensaje D / 00:00:59:761 / top(01) / ... para Root(00)
Mensaje X / 00:01:03:000 / Root(00) / in /      1.00000 para top(01)
Mensaje X / 00:01:03:000 / top(01) / in /      1.00000 para cpu(02)
Mensaje D / 00:01:03:000 / cpu(02) / 00:00:01:658 para top(01)
Mensaje D / 00:01:03:000 / top(01) / 00:00:01:658 para Root(00)
Mensaje * / 00:01:04:658 / Root(00) para top(01)
Mensaje * / 00:01:04:658 / top(01) para cpu(02)
Mensaje Y / 00:01:04:658 / cpu(02) / out /      1.00000 para top(01)
Mensaje D / 00:01:04:658 / cpu(02) / ... para top(01)
Mensaje X / 00:01:04:658 / top(01) / in /      1.00000 para doorlatch(03)
Mensaje D / 00:01:04:658 / doorlatch(03) / 00:00:01:400 para top(01)
Mensaje D / 00:01:04:658 / top(01) / 00:00:01:400 para Root(00)
Mensaje * / 00:01:06:058 / Root(00) para top(01)
Mensaje * / 00:01:06:058 / top(01) para doorlatch(03)
Mensaje Y / 00:01:06:058 / doorlatch(03) / out /      1.00000 para top(01)
Mensaje D / 00:01:06:058 / doorlatch(03) / ... para top(01)
Mensaje Y / 00:01:06:058 / top(01) / out /      1.00000 para Root(00)
Mensaje D / 00:01:06:058 / top(01) / ... para Root(00)
