Mensaje I / 00:00:00:000 / Root(00) para top(01)
Mensaje I / 00:00:00:000 / top(01) para pinreader(02)
Mensaje I / 00:00:00:000 / top(01) para queue(03)
Mensaje I / 00:00:00:000 / top(01) para cpu1(04)
Mensaje I / 00:00:00:000 / top(01) para cpu2(05)
Mensaje I / 00:00:00:000 / top(01) para doorlatch(06)
Mensaje D / 00:00:00:000 / pinreader(02) / ... para top(01)
Mensaje D / 00:00:00:000 / queue(03) / ... para top(01)
Mensaje D / 00:00:00:000 / cpu1(04) / ... para top(01)
Mensaje D / 00:00:00:000 / cpu2(05) / ... para top(01)
Mensaje D / 00:00:00:000 / doorlatch(06) / ... para top(01)
Mensaje D / 00:00:00:000 / top(01) / ... para Root(00)
Mensaje X / 00:00:17:000 / Root(00) / in /      5.00000 para top(01)
Mensaje X / 00:00:17:000 / top(01) / in /      5.00000 para pinreader(02)
Mensaje D / 00:00:17:000 / pinreader(02) / 00:00:01:987 para top(01)
Mensaje D / 00:00:17:000 / top(01) / 00:00:01:987 para Root(00)
Mensaje * / 00:00:18:987 / Root(00) para top(01)
Mensaje * / 00:00:18:987 / top(01) para pinreader(02)
Mensaje Y / 00:00:18:987 / pinreader(02) / out /      5.00000 para top(01)
Mensaje D / 00:00:18:987 / pinreader(02) / ... para top(01)
Mensaje X / 00:00:18:987 / top(01) / in /      5.00000 para queue(03)
Mensaje D / 00:00:18:987 / queue(03) / 00:00:10:000 para top(01)
Mensaje D / 00:00:18:987 / top(01) / 00:00:10:000 para Root(00)
Mensaje * / 00:00:28:987 / Root(00) para top(01)
Mensaje * / 00:00:28:987 / top(01) para queue(03)
Mensaje Y / 00:00:28:987 / queue(03) / out /      5.00000 para top(01)
Mensaje D / 00:00:28:987 / queue(03) / ... para top(01)
Mensaje X / 00:00:28:987 / top(01) / in /      5.00000 para cpu1(04)
Mensaje D / 00:00:28:987 / cpu1(04) / 00:00:05:962 para top(01)
Mensaje D / 00:00:28:987 / top(01) / 00:00:05:962 para Root(00)
Mensaje X / 00:00:30:000 / Root(00) / in /      3.00000 para top(01)
Mensaje X / 00:00:30:000 / top(01) / in /      3.00000 para pinreader(02)
Mensaje D / 00:00:30:000 / pinreader(02) / 00:00:01:816 para top(01)
Mensaje D / 00:00:30:000 / top(01) / 00:00:01:816 para Root(00)
Mensaje * / 00:00:31:816 / Root(00) para top(01)
Mensaje * / 00:00:31:816 / top(01) para pinreader(02)
Mensaje Y / 00:00:31:816 / pinreader(02) / out /      3.00000 para top(01)
Mensaje D / 00:00:31:816 / pinreader(02) / ... para top(01)
Mensaje X / 00:00:31:816 / top(01) / in /      3.00000 para queue(03)
Mensaje D / 00:00:31:816 / queue(03) / ... para top(01)
Mensaje D / 00:00:31:816 / top(01) / 00:00:03:133 para Root(00)
Mensaje * / 00:00:34:949 / Root(00) para top(01)
Mensaje * / 00:00:34:949 / top(01) para cpu1(04)
Mensaje Y / 00:00:34:949 / cpu1(04) / out /      0.00000 para top(01)
Mensaje D / 00:00:34:949 / cpu1(04) / ... para top(01)
Mensaje X / 00:00:34:949 / top(01) / done /      0.00000 para queue(03)
Mensaje X / 00:00:34:949 / top(01) / in /      0.00000 para cpu2(05)
Mensaje D / 00:00:34:949 / queue(03) / 00:00:10:000 para top(01)
Mensaje D / 00:00:34:949 / cpu2(05) / 00:00:00:275 para top(01)
Mensaje D / 00:00:34:949 / top(01) / 00:00:00:275 para Root(00)
Mensaje * / 00:00:35:224 / Root(00) para top(01)
Mensaje * / 00:00:35:224 / top(01) para cpu2(05)
Mensaje Y / 00:00:35:224 / cpu2(05) / out /      0.00000 para top(01)
Mensaje D / 00:00:35:224 / cpu2(05) / ... para top(01)
Mensaje X / 00:00:35:224 / top(01) / in /      0.00000 para doorlatch(06)
Mensaje D / 00:00:35:224 / doorlatch(06) / 00:00:02:035 para top(01)
Mensaje D / 00:00:35:224 / top(01) / 00:00:02:035 para Root(00)
Mensaje * / 00:00:37:259 / Root(00) para top(01)
Mensaje * / 00:00:37:259 / top(01) para doorlatch(06)
Mensaje Y / 00:00:37:259 / doorlatch(06) / out /      0.00000 para top(01)
Mensaje D / 00:00:37:259 / doorlatch(06) / ... para top(01)
Mensaje Y / 00:00:37:259 / top(01) / out /      0.00000 para Root(00)
Mensaje D / 00:00:37:259 / top(01) / 00:00:07:690 para Root(00)
Mensaje * / 00:00:44:949 / Root(00) para top(01)
Mensaje * / 00:00:44:949 / top(01) para queue(03)
Mensaje Y / 00:00:44:949 / queue(03) / out /      3.00000 para top(01)
Mensaje D / 00:00:44:949 / queue(03) / ... para top(01)
Mensaje X / 00:00:44:949 / top(01) / in /      3.00000 para cpu1(04)
Mensaje D / 00:00:44:949 / cpu1(04) / 00:00:06:177 para top(01)
Mensaje D / 00:00:44:949 / top(01) / 00:00:06:177 para Root(00)
Mensaje X / 00:00:50:000 / Root(00) / in /     -7.00000 para top(01)
Mensaje X / 00:00:50:000 / top(01) / in /     -7.00000 para pinreader(02)
Mensaje D / 00:00:50:000 / pinreader(02) / 00:00:02:160 para top(01)
Mensaje D / 00:00:50:000 / top(01) / 00:00:01:126 para Root(00)
Mensaje * / 00:00:51:126 / Root(00) para top(01)
Mensaje * / 00:00:51:126 / top(01) para cpu1(04)
Mensaje Y / 00:00:51:126 / cpu1(04) / out /      0.00000 para top(01)
Mensaje D / 00:00:51:126 / cpu1(04) / ... para top(01)
Mensaje X / 00:00:51:126 / top(01) / done /      0.00000 para queue(03)
Mensaje X / 00:00:51:126 / top(01) / in /      0.00000 para cpu2(05)
Mensaje D / 00:00:51:126 / queue(03) / ... para top(01)
Mensaje D / 00:00:51:126 / cpu2(05) / 00:00:09:665 para top(01)
Mensaje D / 00:00:51:126 / top(01) / 00:00:01:034 para Root(00)
Mensaje * / 00:00:52:160 / Root(00) para top(01)
Mensaje * / 00:00:52:160 / top(01) para pinreader(02)
Mensaje Y / 00:00:52:160 / pinreader(02) / out /     -7.00000 para top(01)
Mensaje D / 00:00:52:160 / pinreader(02) / ... para top(01)
Mensaje X / 00:00:52:160 / top(01) / in /     -7.00000 para queue(03)
Mensaje D / 00:00:52:160 / queue(03) / 00:00:10:000 para top(01)
Mensaje D / 00:00:52:160 / top(01) / 00:00:08:631 para Root(00)
Mensaje * / 00:01:00:791 / Root(00) para top(01)
Mensaje * / 00:01:00:791 / top(01) para cpu2(05)
Mensaje Y / 00:01:00:791 / cpu2(05) / out /      0.00000 para top(01)
Mensaje D / 00:01:00:791 / cpu2(05) / ... para top(01)
Mensaje X / 00:01:00:791 / top(01) / in /      0.00000 para doorlatch(06)
Mensaje D / 00:01:00:791 / doorlatch(06) / 00:00:02:655 para top(01)
Mensaje D / 00:01:00:791 / top(01) / 00:00:01:369 para Root(00)
Mensaje * / 00:01:02:160 / Root(00) para top(01)
Mensaje * / 00:01:02:160 / top(01) para queue(03)
Mensaje Y / 00:01:02:160 / queue(03) / out /     -7.00000 para top(01)
Mensaje D / 00:01:02:160 / queue(03) / ... para top(01)
Mensaje X / 00:01:02:160 / top(01) / in /     -7.00000 para cpu1(04)
Mensaje D / 00:01:02:160 / cpu1(04) / 00:00:18:919 para top(01)
Mensaje D / 00:01:02:160 / top(01) / 00:00:01:286 para Root(00)
Mensaje X / 00:01:03:000 / Root(00) / in /     23.00000 para top(01)
Mensaje X / 00:01:03:000 / top(01) / in /     23.00000 para pinreader(02)
Mensaje D / 00:01:03:000 / pinreader(02) / 00:00:01:830 para top(01)
Mensaje D / 00:01:03:000 / top(01) / 00:00:00:446 para Root(00)
Mensaje * / 00:01:03:446 / Root(00) para top(01)
Mensaje * / 00:01:03:446 / top(01) para doorlatch(06)
Mensaje Y / 00:01:03:446 / doorlatch(06) / out /      0.00000 para top(01)
Mensaje D / 00:01:03:446 / doorlatch(06) / ... para top(01)
Mensaje Y / 00:01:03:446 / top(01) / out /      0.00000 para Root(00)
Mensaje D / 00:01:03:446 / top(01) / 00:00:01:384 para Root(00)
Mensaje * / 00:01:04:830 / Root(00) para top(01)
Mensaje * / 00:01:04:830 / top(01) para pinreader(02)
Mensaje Y / 00:01:04:830 / pinreader(02) / out /     23.00000 para top(01)
Mensaje D / 00:01:04:830 / pinreader(02) / ... para top(01)
Mensaje X / 00:01:04:830 / top(01) / in /     23.00000 para queue(03)
Mensaje D / 00:01:04:830 / queue(03) / ... para top(01)
Mensaje D / 00:01:04:830 / top(01) / 00:00:16:249 para Root(00)
Mensaje * / 00:01:21:079 / Root(00) para top(01)
Mensaje * / 00:01:21:079 / top(01) para cpu1(04)
Mensaje Y / 00:01:21:079 / cpu1(04) / out /      0.00000 para top(01)
Mensaje D / 00:01:21:079 / cpu1(04) / ... para top(01)
Mensaje X / 00:01:21:079 / top(01) / done /      0.00000 para queue(03)
Mensaje X / 00:01:21:079 / top(01) / in /      0.00000 para cpu2(05)
Mensaje D / 00:01:21:079 / queue(03) / 00:00:10:000 para top(01)
Mensaje D / 00:01:21:079 / cpu2(05) / 00:00:04:826 para top(01)
Mensaje D / 00:01:21:079 / top(01) / 00:00:04:826 para Root(00)
Mensaje * / 00:01:25:905 / Root(00) para top(01)
Mensaje * / 00:01:25:905 / top(01) para cpu2(05)
Mensaje Y / 00:01:25:905 / cpu2(05) / out /      0.00000 para top(01)
Mensaje D / 00:01:25:905 / cpu2(05) / ... para top(01)
Mensaje X / 00:01:25:905 / top(01) / in /      0.00000 para doorlatch(06)
Mensaje D / 00:01:25:905 / doorlatch(06) / 00:00:02:687 para top(01)
Mensaje D / 00:01:25:905 / top(01) / 00:00:02:687 para Root(00)
Mensaje * / 00:01:28:592 / Root(00) para top(01)
Mensaje * / 00:01:28:592 / top(01) para doorlatch(06)
Mensaje Y / 00:01:28:592 / doorlatch(06) / out /      0.00000 para top(01)
Mensaje D / 00:01:28:592 / doorlatch(06) / ... para top(01)
Mensaje Y / 00:01:28:592 / top(01) / out /      0.00000 para Root(00)
Mensaje D / 00:01:28:592 / top(01) / 00:00:02:487 para Root(00)
Mensaje * / 00:01:31:079 / Root(00) para top(01)
Mensaje * / 00:01:31:079 / top(01) para queue(03)
Mensaje Y / 00:01:31:079 / queue(03) / out /     23.00000 para top(01)
Mensaje D / 00:01:31:079 / queue(03) / ... para top(01)
Mensaje X / 00:01:31:079 / top(01) / in /     23.00000 para cpu1(04)
Mensaje D / 00:01:31:079 / cpu1(04) / 00:00:01:852 para top(01)
Mensaje D / 00:01:31:079 / top(01) / 00:00:01:852 para Root(00)
Mensaje * / 00:01:32:931 / Root(00) para top(01)
Mensaje * / 00:01:32:931 / top(01) para cpu1(04)
Mensaje Y / 00:01:32:931 / cpu1(04) / out /      1.00000 para top(01)
Mensaje D / 00:01:32:931 / cpu1(04) / ... para top(01)
Mensaje X / 00:01:32:931 / top(01) / done /      1.00000 para queue(03)
Mensaje X / 00:01:32:931 / top(01) / in /      1.00000 para cpu2(05)
Mensaje D / 00:01:32:931 / queue(03) / ... para top(01)
Mensaje D / 00:01:32:931 / cpu2(05) / 00:00:04:872 para top(01)
Mensaje D / 00:01:32:931 / top(01) / 00:00:04:872 para Root(00)
Mensaje * / 00:01:37:803 / Root(00) para top(01)
Mensaje * / 00:01:37:803 / top(01) para cpu2(05)
Mensaje Y / 00:01:37:803 / cpu2(05) / out /      1.00000 para top(01)
Mensaje D / 00:01:37:803 / cpu2(05) / ... para top(01)
Mensaje X / 00:01:37:803 / top(01) / in /      1.00000 para doorlatch(06)
Mensaje D / 00:01:37:803 / doorlatch(06) / 00:00:02:480 para top(01)
Mensaje D / 00:01:37:803 / top(01) / 00:00:02:480 para Root(00)
Mensaje * / 00:01:40:283 / Root(00) para top(01)
Mensaje * / 00:01:40:283 / top(01) para doorlatch(06)
Mensaje Y / 00:01:40:283 / doorlatch(06) / out /      1.00000 para top(01)
Mensaje D / 00:01:40:283 / doorlatch(06) / ... para top(01)
Mensaje Y / 00:01:40:283 / top(01) / out /      1.00000 para Root(00)
Mensaje D / 00:01:40:283 / top(01) / ... para Root(00)
